mode: atomic
github.com/1mpuser/inventory/internal/api/inventory/v1/api.go:11.43,15.2 1 0
github.com/1mpuser/inventory/internal/api/inventory/v1/get.go:15.111,16.25 1 0
github.com/1mpuser/inventory/internal/api/inventory/v1/get.go:16.25,18.3 1 0
github.com/1mpuser/inventory/internal/api/inventory/v1/get.go:20.2,21.16 2 0
github.com/1mpuser/inventory/internal/api/inventory/v1/get.go:21.16,22.43 1 0
github.com/1mpuser/inventory/internal/api/inventory/v1/get.go:22.43,24.4 1 0
github.com/1mpuser/inventory/internal/api/inventory/v1/get.go:25.3,25.101 1 0
github.com/1mpuser/inventory/internal/api/inventory/v1/get.go:28.2,30.8 1 0
github.com/1mpuser/inventory/internal/api/inventory/v1/list.go:15.116,17.16 2 0
github.com/1mpuser/inventory/internal/api/inventory/v1/list.go:17.16,18.43 1 0
github.com/1mpuser/inventory/internal/api/inventory/v1/list.go:18.43,20.4 1 0
github.com/1mpuser/inventory/internal/api/inventory/v1/list.go:22.3,22.103 1 0
github.com/1mpuser/inventory/internal/api/inventory/v1/list.go:25.2,27.29 2 0
github.com/1mpuser/inventory/internal/api/inventory/v1/list.go:27.29,29.3 1 0
github.com/1mpuser/inventory/internal/api/inventory/v1/list.go:31.2,33.8 1 0
github.com/1mpuser/inventory/internal/api/convertor/part.go:10.51,19.2 1 0
github.com/1mpuser/inventory/internal/api/convertor/part.go:10.51,19.2 1 0
github.com/1mpuser/inventory/internal/api/inventory/v1/api.go:11.43,15.2 1 0
github.com/1mpuser/inventory/internal/api/inventory/v1/get.go:15.111,16.25 1 0
github.com/1mpuser/inventory/internal/api/inventory/v1/get.go:16.25,18.3 1 0
github.com/1mpuser/inventory/internal/api/inventory/v1/get.go:20.2,21.16 2 0
github.com/1mpuser/inventory/internal/api/inventory/v1/get.go:21.16,22.43 1 0
github.com/1mpuser/inventory/internal/api/inventory/v1/get.go:22.43,24.4 1 0
github.com/1mpuser/inventory/internal/api/inventory/v1/get.go:25.3,25.101 1 0
github.com/1mpuser/inventory/internal/api/inventory/v1/get.go:28.2,30.8 1 0
github.com/1mpuser/inventory/internal/api/inventory/v1/list.go:15.116,17.16 2 0
github.com/1mpuser/inventory/internal/api/inventory/v1/list.go:17.16,18.43 1 0
github.com/1mpuser/inventory/internal/api/inventory/v1/list.go:18.43,20.4 1 0
github.com/1mpuser/inventory/internal/api/inventory/v1/list.go:22.3,22.103 1 0
github.com/1mpuser/inventory/internal/api/inventory/v1/list.go:25.2,27.29 2 0
github.com/1mpuser/inventory/internal/api/inventory/v1/list.go:27.29,29.3 1 0
github.com/1mpuser/inventory/internal/api/inventory/v1/list.go:31.2,33.8 1 0
github.com/1mpuser/inventory/internal/service/part/get.go:12.75,14.16 2 4
github.com/1mpuser/inventory/internal/service/part/get.go:14.16,16.3 1 1
github.com/1mpuser/inventory/internal/service/part/get.go:18.2,18.39 1 3
github.com/1mpuser/inventory/internal/service/part/list.go:15.114,16.20 1 6
github.com/1mpuser/inventory/internal/service/part/list.go:16.20,19.28 2 3
github.com/1mpuser/inventory/internal/service/part/list.go:19.28,21.18 2 3
github.com/1mpuser/inventory/internal/service/part/list.go:21.18,23.5 1 1
github.com/1mpuser/inventory/internal/service/part/list.go:25.4,25.52 1 2
github.com/1mpuser/inventory/internal/service/part/list.go:28.3,28.62 1 2
github.com/1mpuser/inventory/internal/service/part/list.go:31.2,32.16 2 3
github.com/1mpuser/inventory/internal/service/part/list.go:32.16,34.3 1 1
github.com/1mpuser/inventory/internal/service/part/list.go:36.2,36.51 1 2
github.com/1mpuser/inventory/internal/service/part/list.go:36.51,38.3 1 1
github.com/1mpuser/inventory/internal/service/part/list.go:40.2,40.19 1 2
github.com/1mpuser/inventory/internal/service/part/service.go:7.57,11.2 1 10
