mode: atomic
github.com/1mpuser/payment/internal/api/payment/v1/api.go:11.49,15.2 1 0
github.com/1mpuser/payment/internal/api/payment/v1/pay.go:15.114,16.30 1 0
github.com/1mpuser/payment/internal/api/payment/v1/pay.go:16.30,18.3 1 0
github.com/1mpuser/payment/internal/api/payment/v1/pay.go:20.2,21.16 2 0
github.com/1mpuser/payment/internal/api/payment/v1/pay.go:21.16,22.47 1 0
github.com/1mpuser/payment/internal/api/payment/v1/pay.go:22.47,24.4 1 0
github.com/1mpuser/payment/internal/api/payment/v1/pay.go:25.3,25.51 1 0
github.com/1mpuser/payment/internal/api/payment/v1/pay.go:25.51,27.4 1 0
github.com/1mpuser/payment/internal/api/payment/v1/pay.go:28.3,28.90 1 0
github.com/1mpuser/payment/internal/api/payment/v1/pay.go:31.2,33.8 1 0
github.com/1mpuser/payment/internal/api/payment/v1/api.go:11.49,15.2 1 0
github.com/1mpuser/payment/internal/api/payment/v1/pay.go:15.114,16.30 1 0
github.com/1mpuser/payment/internal/api/payment/v1/pay.go:16.30,18.3 1 0
github.com/1mpuser/payment/internal/api/payment/v1/pay.go:20.2,21.16 2 0
github.com/1mpuser/payment/internal/api/payment/v1/pay.go:21.16,22.47 1 0
github.com/1mpuser/payment/internal/api/payment/v1/pay.go:22.47,24.4 1 0
github.com/1mpuser/payment/internal/api/payment/v1/pay.go:25.3,25.51 1 0
github.com/1mpuser/payment/internal/api/payment/v1/pay.go:25.51,27.4 1 0
github.com/1mpuser/payment/internal/api/payment/v1/pay.go:28.3,28.90 1 0
github.com/1mpuser/payment/internal/api/payment/v1/pay.go:31.2,33.8 1 0
github.com/1mpuser/payment/internal/service/payment/pay.go:13.89,15.16 2 5
github.com/1mpuser/payment/internal/service/payment/pay.go:15.16,17.3 1 2
github.com/1mpuser/payment/internal/service/payment/pay.go:19.2,19.64 1 3
github.com/1mpuser/payment/internal/service/payment/pay.go:19.64,21.3 1 1
github.com/1mpuser/payment/internal/service/payment/pay.go:23.2,31.38 3 2
github.com/1mpuser/payment/internal/service/payment/service.go:5.28,7.2 1 5
